# JRE version: OpenJDK Runtime Environment Temurin-17.0.1+12 (17.0.1+12) (build 17.0.1+12)
# Java VM: OpenJDK 64-Bit Server VM Temurin-17.0.1+12 (17.0.1+12, mixed mode, sharing, tiered, compressed oops, compressed class ptrs, g1 gc, linux-amd64)
GC Precious Log:
 CPUs: 32 total, 24 available
 Memory: 64222M
 Large Page Support: Disabled
 NUMA Support: Disabled
 Compressed Oops: Enabled (Zero based)
 Heap Region Size: 2M
 Heap Min Capacity: 8M
 Heap Initial Capacity: 1004M
 Heap Max Capacity: 4G
 Pre-touch: Disabled
 Parallel Workers: 18
 Concurrent Workers: 5
 Concurrent Refinement Workers: 18
 Periodic GC: Disabled
Heap:
 garbage-first heap   total 391168K, used 281565K [0x0000000700000000, 0x0000000800000000)
  region size 2048K, 67 young (137216K), 1 survivors (2048K)
 Metaspace       used 145199K, committed 146752K, reserved 1179648K
  class space    used 18919K, committed 19776K, reserved 1048576K
GC Heap History (20 events):
Event: 177.033 GC heap before
{Heap before GC invocations=69 (full 0):
 garbage-first heap   total 319488K, used 251713K [0x0000000700000000, 0x0000000800000000)
  region size 2048K, 59 young (120832K), 7 survivors (14336K)
 Metaspace       used 143515K, committed 145280K, reserved 1179648K
  class space    used 18802K, committed 19648K, reserved 1048576K
}
Event: 177.036 GC heap after
{Heap after GC invocations=70 (full 0):
 garbage-first heap   total 319488K, used 152155K [0x0000000700000000, 0x0000000800000000)
  region size 2048K, 7 young (14336K), 7 survivors (14336K)
 Metaspace       used 143515K, committed 145280K, reserved 1179648K
  class space    used 18802K, committed 19648K, reserved 1048576K
}
Event: 177.297 GC heap before
{Heap before GC invocations=70 (full 0):
 garbage-first heap   total 319488K, used 248411K [0x0000000700000000, 0x0000000800000000)
  region size 2048K, 55 young (112640K), 7 survivors (14336K)
 Metaspace       used 144084K, committed 145856K, reserved 1179648K
  class space    used 18930K, committed 19776K, reserved 1048576K
}
Event: 177.304 GC heap after
{Heap after GC invocations=71 (full 0):
 garbage-first heap   total 319488K, used 152057K [0x0000000700000000, 0x0000000800000000)
  region size 2048K, 4 young (8192K), 4 survivors (8192K)
 Metaspace       used 144084K, committed 145856K, reserved 1179648K
  class space    used 18930K, committed 19776K, reserved 1048576K
}
Event: 177.661 GC heap before
{Heap before GC invocations=72 (full 0):
 garbage-first heap   total 325632K, used 248313K [0x0000000700000000, 0x0000000800000000)
  region size 2048K, 52 young (106496K), 4 survivors (8192K)
 Metaspace       used 143380K, committed 145984K, reserved 1179648K
  class space    used 18722K, committed 19776K, reserved 1048576K
}
Event: 177.665 GC heap after
{Heap after GC invocations=73 (full 0):
 garbage-first heap   total 325632K, used 158433K [0x0000000700000000, 0x0000000800000000)
  region size 2048K, 7 young (14336K), 7 survivors (14336K)
 Metaspace       used 143380K, committed 145984K, reserved 1179648K
  class space    used 18722K, committed 19776K, reserved 1048576K
}
Event: 177.666 GC heap before
{Heap before GC invocations=73 (full 0):
 garbage-first heap   total 325632K, used 160481K [0x0000000700000000, 0x0000000800000000)
  region size 2048K, 8 young (16384K), 7 survivors (14336K)
 Metaspace       used 143381K, committed 145984K, reserved 1179648K
  class space    used 18722K, committed 19776K, reserved 1048576K
}
Event: 177.670 GC heap after
{Heap after GC invocations=74 (full 0):
 garbage-first heap   total 325632K, used 152859K [0x0000000700000000, 0x0000000800000000)
  region size 2048K, 1 young (2048K), 1 survivors (2048K)
 Metaspace       used 143381K, committed 145984K, reserved 1179648K
  class space    used 18722K, committed 19776K, reserved 1048576K
}
Event: 178.460 GC heap before
{Heap before GC invocations=74 (full 0):
 garbage-first heap   total 325632K, used 257307K [0x0000000700000000, 0x0000000800000000)
  region size 2048K, 53 young (108544K), 1 survivors (2048K)
 Metaspace       used 143483K, committed 145984K, reserved 1179648K
  class space    used 18722K, committed 19776K, reserved 1048576K
}
Event: 178.462 GC heap after
{Heap after GC invocations=75 (full 0):
 garbage-first heap   total 325632K, used 159557K [0x0000000700000000, 0x0000000800000000)
  region size 2048K, 5 young (10240K), 5 survivors (10240K)
 Metaspace       used 143483K, committed 145984K, reserved 1179648K
  class space    used 18722K, committed 19776K, reserved 1048576K
}
Event: 178.755 GC heap before
{Heap before GC invocations=76 (full 0):
 garbage-first heap   total 325632K, used 257861K [0x0000000700000000, 0x0000000800000000)
  region size 2048K, 54 young (110592K), 5 survivors (10240K)
 Metaspace       used 143751K, committed 145984K, reserved 1179648K
  class space    used 18749K, committed 19776K, reserved 1048576K
}
Event: 178.757 GC heap after
{Heap after GC invocations=77 (full 0):
 garbage-first heap   total 325632K, used 158083K [0x0000000700000000, 0x0000000800000000)
  region size 2048K, 4 young (8192K), 4 survivors (8192K)
 Metaspace       used 143751K, committed 145984K, reserved 1179648K
  class space    used 18749K, committed 19776K, reserved 1048576K
}
Event: 178.767 GC heap before
{Heap before GC invocations=77 (full 0):
 garbage-first heap   total 325632K, used 164227K [0x0000000700000000, 0x0000000800000000)
  region size 2048K, 7 young (14336K), 4 survivors (8192K)
 Metaspace       used 143790K, committed 145984K, reserved 1179648K
  class space    used 18761K, committed 19776K, reserved 1048576K
}
Event: 178.769 GC heap after
{Heap after GC invocations=78 (full 0):
 garbage-first heap   total 325632K, used 149435K [0x0000000700000000, 0x0000000800000000)
  region size 2048K, 1 young (2048K), 1 survivors (2048K)
 Metaspace       used 143790K, committed 145984K, reserved 1179648K
  class space    used 18761K, committed 19776K, reserved 1048576K
}
Event: 179.934 GC heap before
{Heap before GC invocations=78 (full 0):
 garbage-first heap   total 325632K, used 260027K [0x0000000700000000, 0x0000000800000000)
  region size 2048K, 56 young (114688K), 1 survivors (2048K)
 Metaspace       used 144310K, committed 146112K, reserved 1179648K
  class space    used 18812K, committed 19776K, reserved 1048576K
}
Event: 179.937 GC heap after
{Heap after GC invocations=79 (full 0):
 garbage-first heap   total 391168K, used 158735K [0x0000000700000000, 0x0000000800000000)
  region size 2048K, 6 young (12288K), 6 survivors (12288K)
 Metaspace       used 144310K, committed 146112K, reserved 1179648K
  class space    used 18812K, committed 19776K, reserved 1048576K
}
Event: 180.355 GC heap before
{Heap before GC invocations=80 (full 0):
 garbage-first heap   total 391168K, used 304143K [0x0000000700000000, 0x0000000800000000)
  region size 2048K, 78 young (159744K), 6 survivors (12288K)
 Metaspace       used 144748K, committed 146304K, reserved 1179648K
  class space    used 18889K, committed 19776K, reserved 1048576K
}
Event: 180.358 GC heap after
{Heap after GC invocations=81 (full 0):
 garbage-first heap   total 391168K, used 158123K [0x0000000700000000, 0x0000000800000000)
  region size 2048K, 5 young (10240K), 5 survivors (10240K)
 Metaspace       used 144748K, committed 146304K, reserved 1179648K
  class space    used 18889K, committed 19776K, reserved 1048576K
}
Event: 181.055 GC heap before
{Heap before GC invocations=81 (full 0):
 garbage-first heap   total 391168K, used 164267K [0x0000000700000000, 0x0000000800000000)
  region size 2048K, 9 young (18432K), 5 survivors (10240K)
 Metaspace       used 144809K, committed 146368K, reserved 1179648K
  class space    used 18889K, committed 19776K, reserved 1048576K
}
Event: 181.060 GC heap after
{Heap after GC invocations=82 (full 0):
 garbage-first heap   total 391168K, used 150493K [0x0000000700000000, 0x0000000800000000)
  region size 2048K, 1 young (2048K), 1 survivors (2048K)
 Metaspace       used 144809K, committed 146368K, reserved 1179648K
  class space    used 18889K, committed 19776K, reserved 1048576K
}

